<?xml version="1.0" encoding="UTF-8"?>
<!-- Generated by org.testng.reporters.JUnitReportReporter -->
<testsuite hostname="BDC7-D-H452RG2" name="com.grid.GridTest" tests="1" failures="1" timestamp="8 May 2019 06:22:08 GMT" time="0.008" errors="0">
  <testcase name="openApplication" time="0.008" classname="com.grid.GridTest">
    <failure type="org.testng.TestNGException" message="
Parameter &#039;node&#039; is required by @Configuration on method setUp but has not been marked @Optional or defined
in C:\Users\training_b7c.06.13\AppData\Local\Temp\testng-eclipse-768961309\testng-customsuite.xml">
      <![CDATA[org.testng.TestNGException: 
Parameter 'node' is required by @Configuration on method setUp but has not been marked @Optional or defined
in C:\Users\training_b7c.06.13\AppData\Local\Temp\testng-eclipse-768961309\testng-customsuite.xml
	at org.testng.internal.Parameters.createParameters(Parameters.java:155)
	at org.testng.internal.Parameters.createParameters(Parameters.java:358)
	at org.testng.internal.Parameters.createConfigurationParameters(Parameters.java:86)
	at org.testng.internal.Invoker.invokeConfigurations(Invoker.java:199)
	at org.testng.internal.Invoker.invokeConfigurations(Invoker.java:138)
	at org.testng.TestRunner.beforeRun(TestRunner.java:641)
	at org.testng.TestRunner.run(TestRunner.java:609)
	at org.testng.SuiteRunner.runTest(SuiteRunner.java:348)
	at org.testng.SuiteRunner.runSequentially(SuiteRunner.java:343)
	at org.testng.SuiteRunner.privateRun(SuiteRunner.java:305)
	at org.testng.SuiteRunner.run(SuiteRunner.java:254)
	at org.testng.SuiteRunnerWorker.runSuite(SuiteRunnerWorker.java:52)
	at org.testng.SuiteRunnerWorker.run(SuiteRunnerWorker.java:86)
	at org.testng.TestNG.runSuitesSequentially(TestNG.java:1224)
	at org.testng.TestNG.runSuitesLocally(TestNG.java:1149)
	at org.testng.TestNG.run(TestNG.java:1057)
	at org.testng.remote.RemoteTestNG.run(RemoteTestNG.java:115)
	at org.testng.remote.RemoteTestNG.initAndRun(RemoteTestNG.java:207)
	at org.testng.remote.RemoteTestNG.main(RemoteTestNG.java:178)
]]>
    </failure>
  </testcase> <!-- openApplication -->
</testsuite> <!-- com.grid.GridTest -->
