<?xml version="1.0" encoding="UTF-8"?>
<!-- Generated by org.testng.reporters.JUnitReportReporter -->
<testsuite hostname="BDC7-D-H452RG2" name="com.advanced.TestClass002_Groups" tests="5" failures="0" timestamp="8 May 2019 04:03:28 GMT" time="0.021" errors="0">
  <testcase name="method3" time="0.003" classname="com.advanced.TestClass002_Groups"/>
  <testcase name="method5" time="0.001" classname="com.advanced.TestClass002_Groups"/>
  <testcase name="method2" time="0.002" classname="com.advanced.TestClass002_Groups"/>
  <testcase name="method1" time="0.014" classname="com.advanced.TestClass002_Groups"/>
  <testcase name="method4" time="0.001" classname="com.advanced.TestClass002_Groups"/>
</testsuite> <!-- com.advanced.TestClass002_Groups -->
