<?xml version="1.0" encoding="UTF-8"?>
<!-- Generated by org.testng.reporters.JUnitReportReporter -->
<testsuite hostname="BDC7-D-H452RG2" name="com.tests.LoginTestClass" tests="1" failures="0" timestamp="7 May 2019 06:28:03 GMT" time="54.131" errors="0">
  <testcase name="readXMLAndPerformloginOperation" time="54.131" classname="com.tests.LoginTestClass"/>
</testsuite> <!-- com.tests.LoginTestClass -->
