<?xml version="1.0" encoding="UTF-8"?>
<!-- Generated by org.testng.reporters.JUnitReportReporter -->
<testsuite hostname="BDC7-D-H452RG2" name="com.selenium.TestClass09" tests="1" failures="0" timestamp="6 May 2019 09:33:13 GMT" time="15.663" errors="0">
  <testcase name="method1" time="15.663" classname="com.selenium.TestClass09"/>
</testsuite> <!-- com.selenium.TestClass09 -->
