<?xml version="1.0" encoding="UTF-8"?>
<!-- Generated by org.testng.reporters.JUnitReportReporter -->
<testsuite hostname="BDC7-D-H452RG2" name="com.test.Test_002_manualLogger" tests="1" failures="0" timestamp="7 May 2019 07:18:09 GMT" time="0.107" errors="0">
  <testcase name="method1" time="0.107" classname="com.test.Test_002_manualLogger"/>
</testsuite> <!-- com.test.Test_002_manualLogger -->
