<?xml version="1.0" encoding="UTF-8"?>
<!-- Generated by org.testng.reporters.JUnitReportReporter -->
<testsuite hostname="BDC7-D-H452RG2" name="com.grid.GridTest" tests="2" failures="0" timestamp="8 May 2019 06:29:38 GMT" time="48.705" errors="0">
  <testcase name="openApplication" time="23.375" classname="com.grid.GridTest"/>
  <testcase name="openApplication" time="25.330" classname="com.grid.GridTest"/>
</testsuite> <!-- com.grid.GridTest -->
